<?xml version="1.0" encoding="UTF-8"?>
<testng-results skipped="0" failed="0" ignored="0" total="2" passed="2">
  <reporter-output>
  </reporter-output>
  <suite name="Default suite" duration-ms="18273" started-at="2020-03-09T06:54:04Z" finished-at="2020-03-09T06:54:22Z">
    <groups>
    </groups>
    <test name="Default test" duration-ms="18273" started-at="2020-03-09T06:54:04Z" finished-at="2020-03-09T06:54:22Z">
      <class name="test.verifyGoogletest">
        <test-method status="PASS" signature="startapp()[pri:0, instance:test.verifyGoogletest@59fa1d9b]" name="startapp" is-config="true" duration-ms="9370" started-at="2020-03-09T06:54:04Z" finished-at="2020-03-09T06:54:13Z">
          <reporter-output>
          </reporter-output>
        </test-method> <!-- startapp -->
        <test-method status="PASS" signature="checklogo()[pri:0, instance:test.verifyGoogletest@59fa1d9b]" name="checklogo" duration-ms="93" started-at="2020-03-09T06:54:13Z" finished-at="2020-03-09T06:54:13Z">
          <reporter-output>
          </reporter-output>
        </test-method> <!-- checklogo -->
        <test-method status="PASS" signature="closebrowser()[pri:0, instance:test.verifyGoogletest@59fa1d9b]" name="closebrowser" is-config="true" duration-ms="865" started-at="2020-03-09T06:54:13Z" finished-at="2020-03-09T06:54:14Z">
          <reporter-output>
          </reporter-output>
        </test-method> <!-- closebrowser -->
        <test-method status="PASS" signature="startapp()[pri:0, instance:test.verifyGoogletest@59fa1d9b]" name="startapp" is-config="true" duration-ms="7010" started-at="2020-03-09T06:54:14Z" finished-at="2020-03-09T06:54:21Z">
          <reporter-output>
          </reporter-output>
        </test-method> <!-- startapp -->
        <test-method status="PASS" signature="checkurl()[pri:0, instance:test.verifyGoogletest@59fa1d9b]" name="checkurl" duration-ms="26" started-at="2020-03-09T06:54:21Z" finished-at="2020-03-09T06:54:21Z">
          <reporter-output>
          </reporter-output>
        </test-method> <!-- checkurl -->
        <test-method status="PASS" signature="closebrowser()[pri:0, instance:test.verifyGoogletest@59fa1d9b]" name="closebrowser" is-config="true" duration-ms="850" started-at="2020-03-09T06:54:21Z" finished-at="2020-03-09T06:54:22Z">
          <reporter-output>
          </reporter-output>
        </test-method> <!-- closebrowser -->
      </class> <!-- test.verifyGoogletest -->
    </test> <!-- Default test -->
  </suite> <!-- Default suite -->
</testng-results>
